This file contains any messages produced by compilers while
running configure, to aid debugging if configure makes a mistake.

It was created by configure, which was
generated by GNU Autoconf 2.67.  Invocation command line was

  $ ./configure --host=arm-linux ac_cv_linux_vers=2

## --------- ##
## Platform. ##
## --------- ##

hostname = aria.fedora
uname -m = x86_64
uname -r = 3.8.8-202.fc18.x86_64
uname -s = Linux
uname -v = #1 SMP Wed Apr 17 23:25:17 UTC 2013

/usr/bin/uname -p = x86_64
/bin/uname -X     = unknown

/bin/arch              = x86_64
/usr/bin/arch -k       = unknown
/usr/convex/getsysinfo = unknown
/usr/bin/hostinfo      = unknown
/bin/machine           = unknown
/usr/bin/oslevel       = unknown
/bin/universe          = unknown

PATH: /home/brian/Dropbox/Projects/sslsniff-0.8/../android-toolchain/bin
PATH: /usr/local/zend/bin
PATH: /usr/local/zend/bin
PATH: /usr/lib64/qt-3.3/bin
PATH: /usr/local/bin
PATH: /usr/bin
PATH: /bin
PATH: /usr/local/sbin
PATH: /usr/sbin
PATH: /home/brian/android/sdk/platform-tools
PATH: /home/brian/android/sdk/tools
PATH: /home/brian/.local/bin
PATH: /home/brian/bin
PATH: /home/brian/android/sdk/platform-tools
PATH: /home/brian/android/sdk/tools


## ----------- ##
## Core tests. ##
## ----------- ##

configure:2079: checking for a BSD-compatible install
configure:2147: result: /usr/bin/install -c
configure:2158: checking whether build environment is sane
configure:2208: result: yes
configure:2257: checking for arm-linux-strip
configure:2287: result: no
configure:2297: checking for strip
configure:2313: found /usr/bin/strip
configure:2324: result: strip
configure:2349: checking for a thread-safe mkdir -p
configure:2388: result: /usr/bin/mkdir -p
configure:2401: checking for gawk
configure:2417: found /usr/bin/gawk
configure:2428: result: gawk
configure:2439: checking whether make sets $(MAKE)
configure:2461: result: yes
configure:2549: checking for arm-linux-gcc
configure:2576: result: arm-linux-androideabi-gcc
configure:2845: checking for C compiler version
configure:2854: arm-linux-androideabi-gcc --version >&5
./configure: line 2856: arm-linux-androideabi-gcc: command not found
configure:2865: $? = 127
configure:2854: arm-linux-androideabi-gcc -v >&5
./configure: line 2856: arm-linux-androideabi-gcc: command not found
configure:2865: $? = 127
configure:2854: arm-linux-androideabi-gcc -V >&5
./configure: line 2856: arm-linux-androideabi-gcc: command not found
configure:2865: $? = 127
configure:2854: arm-linux-androideabi-gcc -qversion >&5
./configure: line 2856: arm-linux-androideabi-gcc: command not found
configure:2865: $? = 127
configure:2885: checking whether the C compiler works
configure:2907: arm-linux-androideabi-gcc  --sysroot=/home/brian/Dropbox/Projects/sslsniff-0.8/../android-toolchain/sysroot -v -Wl,-static,-lthread_db,-lssl,-lboost_system,-lboost_filesystem,-lboost_thread,-llog4cpp,-lexception,-fexceptions  --sysroot=/home/brian/Dropbox/Projects/sslsniff-0.8/../android-toolchain/sysroot -v -Wl,-static,-lthread_db,-lssl,-lboost_system,-lboost_filesystem,-lboost_thread,-llog4cpp,-lexception,-fexceptions -Bstatic conftest.c  >&5
./configure: line 2909: arm-linux-androideabi-gcc: command not found
configure:2911: $? = 127
configure:2949: result: no
configure: failed program was:
| /* confdefs.h */
| #define PACKAGE_NAME ""
| #define PACKAGE_TARNAME ""
| #define PACKAGE_VERSION ""
| #define PACKAGE_STRING ""
| #define PACKAGE_BUGREPORT ""
| #define PACKAGE_URL ""
| #define PACKAGE "sslsniff"
| #define VERSION "0.8"
| /* end confdefs.h.  */
| 
| int
| main ()
| {
| 
|   ;
|   return 0;
| }
configure:2954: error: in `/home/brian/Dropbox/Projects/sslsniff-0.8':
configure:2956: error: C compiler cannot create executables
See `config.log' for more details

## ---------------- ##
## Cache variables. ##
## ---------------- ##

ac_cv_env_CCC_set=
ac_cv_env_CCC_value=
ac_cv_env_CC_set=set
ac_cv_env_CC_value=arm-linux-androideabi-gcc
ac_cv_env_CFLAGS_set=set
ac_cv_env_CFLAGS_value=' --sysroot=/home/brian/Dropbox/Projects/sslsniff-0.8/../android-toolchain/sysroot -v -Wl,-static,-lthread_db,-lssl,-lboost_system,-lboost_filesystem,-lboost_thread,-llog4cpp,-lexception,-fexceptions'
ac_cv_env_CPPFLAGS_set=set
ac_cv_env_CPPFLAGS_value=' --sysroot=/home/brian/Dropbox/Projects/sslsniff-0.8/../android-toolchain/sysroot -v -Wl,-static,-lthread_db,-lssl,-lboost_system,-lboost_filesystem,-lboost_thread,-llog4cpp,-lexception,-fexceptions'
ac_cv_env_CXXCPP_set=
ac_cv_env_CXXCPP_value=
ac_cv_env_CXXFLAGS_set=set
ac_cv_env_CXXFLAGS_value=' --sysroot=/home/brian/Dropbox/Projects/sslsniff-0.8/../android-toolchain/sysroot -v -Wl,-static,-lthread_db,-lssl,-lboost_system,-lboost_filesystem,-lboost_thread,-llog4cpp,-lexception,-fexceptions'
ac_cv_env_CXX_set=set
ac_cv_env_CXX_value=arm-linux-androideabi-g++
ac_cv_env_LDFLAGS_set=set
ac_cv_env_LDFLAGS_value=-Bstatic
ac_cv_env_LIBS_set=
ac_cv_env_LIBS_value=
ac_cv_env_build_alias_set=
ac_cv_env_build_alias_value=
ac_cv_env_host_alias_set=set
ac_cv_env_host_alias_value=arm-linux
ac_cv_env_target_alias_set=
ac_cv_env_target_alias_value=
ac_cv_linux_vers=2
ac_cv_path_install='/usr/bin/install -c'
ac_cv_path_mkdir=/usr/bin/mkdir
ac_cv_prog_AWK=gawk
ac_cv_prog_CC=arm-linux-androideabi-gcc
ac_cv_prog_ac_ct_STRIP=strip
ac_cv_prog_make_make_set=yes

## ----------------- ##
## Output variables. ##
## ----------------- ##

ACLOCAL='${SHELL} /home/brian/Dropbox/Projects/sslsniff-0.8/missing --run aclocal-1.11'
AMDEPBACKSLASH=''
AMDEP_FALSE=''
AMDEP_TRUE=''
AMTAR='${SHELL} /home/brian/Dropbox/Projects/sslsniff-0.8/missing --run tar'
AUTOCONF='${SHELL} /home/brian/Dropbox/Projects/sslsniff-0.8/missing --run autoconf'
AUTOHEADER='${SHELL} /home/brian/Dropbox/Projects/sslsniff-0.8/missing --run autoheader'
AUTOMAKE='${SHELL} /home/brian/Dropbox/Projects/sslsniff-0.8/missing --run automake-1.11'
AWK='gawk'
CC='arm-linux-androideabi-gcc'
CCDEPMODE=''
CFLAGS=' --sysroot=/home/brian/Dropbox/Projects/sslsniff-0.8/../android-toolchain/sysroot -v -Wl,-static,-lthread_db,-lssl,-lboost_system,-lboost_filesystem,-lboost_thread,-llog4cpp,-lexception,-fexceptions'
CPPFLAGS=' --sysroot=/home/brian/Dropbox/Projects/sslsniff-0.8/../android-toolchain/sysroot -v -Wl,-static,-lthread_db,-lssl,-lboost_system,-lboost_filesystem,-lboost_thread,-llog4cpp,-lexception,-fexceptions'
CXX='arm-linux-androideabi-g++'
CXXCPP=''
CXXDEPMODE=''
CXXFLAGS=' --sysroot=/home/brian/Dropbox/Projects/sslsniff-0.8/../android-toolchain/sysroot -v -Wl,-static,-lthread_db,-lssl,-lboost_system,-lboost_filesystem,-lboost_thread,-llog4cpp,-lexception,-fexceptions'
CYGPATH_W='echo'
DEFS=''
DEPDIR=''
ECHO_C=''
ECHO_N='-n'
ECHO_T=''
EGREP=''
EXEEXT=''
GREP=''
INSTALL_DATA='${INSTALL} -m 644'
INSTALL_PROGRAM='${INSTALL}'
INSTALL_SCRIPT='${INSTALL}'
INSTALL_STRIP_PROGRAM='$(install_sh) -c -s'
LDFLAGS='-Bstatic'
LIBOBJS=''
LIBS=''
LTLIBOBJS=''
MAKEINFO='${SHELL} /home/brian/Dropbox/Projects/sslsniff-0.8/missing --run makeinfo'
MKDIR_P='/usr/bin/mkdir -p'
OBJEXT=''
PACKAGE='sslsniff'
PACKAGE_BUGREPORT=''
PACKAGE_NAME=''
PACKAGE_STRING=''
PACKAGE_TARNAME=''
PACKAGE_URL=''
PACKAGE_VERSION=''
PATH_SEPARATOR=':'
SET_MAKE=''
SHELL='/bin/sh'
STRIP='strip'
VERSION='0.8'
ac_ct_CC=''
ac_ct_CXX=''
am__EXEEXT_FALSE=''
am__EXEEXT_TRUE=''
am__fastdepCC_FALSE=''
am__fastdepCC_TRUE=''
am__fastdepCXX_FALSE=''
am__fastdepCXX_TRUE=''
am__include=''
am__isrc=''
am__leading_dot='.'
am__quote=''
am__tar='${AMTAR} chof - "$$tardir"'
am__untar='${AMTAR} xf -'
bindir='${exec_prefix}/bin'
build_alias=''
datadir='${datarootdir}'
datarootdir='${prefix}/share'
docdir='${datarootdir}/doc/${PACKAGE}'
dvidir='${docdir}'
exec_prefix='NONE'
host_alias='arm-linux'
htmldir='${docdir}'
includedir='${prefix}/include'
infodir='${datarootdir}/info'
install_sh='${SHELL} /home/brian/Dropbox/Projects/sslsniff-0.8/install-sh'
libdir='${exec_prefix}/lib'
libexecdir='${exec_prefix}/libexec'
localedir='${datarootdir}/locale'
localstatedir='${prefix}/var'
mandir='${datarootdir}/man'
mkdir_p='/usr/bin/mkdir -p'
oldincludedir='/usr/include'
pdfdir='${docdir}'
prefix='NONE'
program_transform_name='s,x,x,'
psdir='${docdir}'
sbindir='${exec_prefix}/sbin'
sharedstatedir='${prefix}/com'
sysconfdir='${prefix}/etc'
target_alias=''

## ----------- ##
## confdefs.h. ##
## ----------- ##

/* confdefs.h */
#define PACKAGE_NAME ""
#define PACKAGE_TARNAME ""
#define PACKAGE_VERSION ""
#define PACKAGE_STRING ""
#define PACKAGE_BUGREPORT ""
#define PACKAGE_URL ""
#define PACKAGE "sslsniff"
#define VERSION "0.8"

configure: exit 77
